Arguments: 
  /usr/local/bin/node /Users/codjoe/.yarn/bin/yarn.js build

PATH: 
  /Users/codjoe/.yarn/bin:/Users/codjoe/.config/yarn/global/node_modules/.bin:/Users/codjoe/bin:/usr/local/bin:/usr/bin:/bin:/usr/sbin:/sbin:/Users/codjoe/Library/Android/sdk/emulator:/Users/codjoe/Library/Android/sdk/tools:/Users/codjoe/Library/Android/sdk/tools/bin:/Users/codjoe/Library/Android/sdk/platform-tools:/Users/codjoe/.rvm/bin

Yarn version: 
  1.21.1

Node version: 
  12.13.1

Platform: 
  darwin x64

Trace: 
  SyntaxError: /Users/codjoe/Desktop/Dev/react-phone-input-textfield-filled/package.json: Unexpected token } in JSON at position 2430
      at JSON.parse (<anonymous>)
      at /Users/codjoe/.yarn/lib/cli.js:1625:59
      at Generator.next (<anonymous>)
      at step (/Users/codjoe/.yarn/lib/cli.js:310:30)
      at /Users/codjoe/.yarn/lib/cli.js:321:13

npm manifest: 
  {
    "name": "react-phone-input-textfield-filled",
    "version": "1.0.1",
    "description": "A react component with a material-UI feel to format phone numbers",
    "main": "dist/lib.js",
    "scripts": {
      "test": "jest",
      "start": "TARGET=dev NODE_ENV=development webpack-dev-server --progress",
      "build": "TARGET=build NODE_ENV=production webpack -p --progress",
      "start:build": "TARGET=dev NODE_ENV=development webpack-dev-server --progress",
      "analyze": "TARGET=analyze NODE_ENV=production webpack -p --progress"
    },
    "repository": {
      "type": "git",
      "url": "git+https://github.com/codjoero/react-phone-input-textfield-filled.git"
    },
    "keywords": [
      "react",
      "phone",
      "material-UI",
      "label",
      "filled",
      "format",
      "number",
      "input",
      "telephone",
      "javascript",
      "international",
      "tel"
    ],
    "files": [
      "LICENSE",
      "README.md",
      "dist/lib.js",
      "dist/style.css",
      "lang"
    ],
    "author": "rownee2001@gmail.com",
    "license": "MIT",
    "bugs": {
      "url": "https://github.com/codjoero/react-phone-input-textfield-filled/issues"
    },
    "homepage": "https://github.com/codjoero/react-phone-input-textfield-filled.git",
    "jest": {
      "moduleNameMapper": {
        "\\.(jpg|jpeg|png|gif|eot|otf|webp|svg|ttf|woff|woff2|mp4|webm|wav|mp3|m4a|aac|oga)$": "<rootDir>/test/__mocks__/fileMock.js",
        "\\.(css|less|stylus|scss)$": "<rootDir>/test/__mocks__/styleMock.js"
      },
      "globals": {
        "__DEV__": false
      }
    },
    "devDependencies": {
      "@babel/core": "^7.3.3",
      "babel-loader": "^8.0.5",
      "babel-preset-react-app": "^7.0.1",
      "css-loader": "^2.1.0",
      "jest": "^24.7.0",
      "less": "^3.9.0",
      "less-loader": "^4.1.0",
      "mini-css-extract-plugin": "^0.5.0",
      "react-hot-loader": "^4.6.5",
      "react-testing-library": "^6.0.4",
      "style-loader": "^0.23.1",
      "url-loader": "^1.1.2",
      "webpack": "^4.29.5",
      "webpack-bundle-analyzer": "^3.0.4",
      "webpack-cli": "^3.2.3",
      "webpack-dev-server": "^3.1.14",
      "webpack-merge": "^4.2.1"
    },
    "peerDependencies": {
      "@material-ui/core": "^4.9.13",
      "@material-ui/icons": "^4.9.1",
      "react": "^16.9.0",
      "react-dom": "^16.9.0"
    },
    "dependencies": {
      "classnames": "^2.2.6",
      "lodash.debounce": "^4.0.8",
      "lodash.memoize": "^4.1.2",
      "lodash.reduce": "^4.6.0",
      "lodash.startswith": "^4.2.1",
      "prop-types": "^15.7.2",
    }
  }

yarn manifest: 
  No manifest

Lockfile: 
  No lockfile
